<?xml version="1.0" encoding="UTF-8"?>
<!-- Generated by org.testng.reporters.JUnitReportReporter -->
<testsuite hostname="DESKTOP-554G7MR" failures="0" tests="3" name="com.edusoln.runner.TestNGRunner" time="54.002" errors="0" timestamp="2022-11-26T18:33:15 IST" skipped="1">
  <testcase classname="com.edusoln.runner.TestNGRunner" name="testcase" time="11.304"/>
  <system-out/>
  <testcase classname="com.edusoln.runner.TestNGRunner" name="testcase" time="35.707"/>
  <system-out/>
  <testcase classname="com.edusoln.runner.TestNGRunner" name="testcase" time="6.991">
    <skipped/>
  </testcase> <!-- testcase -->
  <system-out/>
</testsuite> <!-- com.edusoln.runner.TestNGRunner -->
